2026-04-15 01:28 +00:00:    ▲ Next.js 15.5.15
2026-04-15 01:28 +00:00:    ▲ Next.js 15.5.15
2026-04-15 01:28 +00:00:    - Local:        http://localhost:3000
2026-04-15 01:28 +00:00:    - Network:      http://178.128.145.80:3000
2026-04-15 01:28 +00:00: 
2026-04-15 01:28 +00:00:  ✓ Starting...
2026-04-15 01:28 +00:00:    - Local:        http://localhost:3000
2026-04-15 01:28 +00:00:    - Network:      http://178.128.145.80:3000
2026-04-15 01:28 +00:00: 
2026-04-15 01:28 +00:00:  ✓ Starting...
2026-04-15 01:28 +00:00:  ✓ Ready in 522ms
2026-04-15 01:28 +00:00:  ✓ Ready in 735ms
2026-04-15 01:38 +00:00:    ▲ Next.js 15.5.15
2026-04-15 01:38 +00:00:    - Local:        http://localhost:3000
2026-04-15 01:38 +00:00:    - Network:      http://178.128.145.80:3000
2026-04-15 01:38 +00:00: 
2026-04-15 01:38 +00:00:  ✓ Starting...
2026-04-15 01:38 +00:00:    ▲ Next.js 15.5.15
2026-04-15 01:38 +00:00:  ✓ Ready in 489ms
2026-04-15 01:38 +00:00:    - Local:        http://localhost:3000
2026-04-15 01:38 +00:00:    - Network:      http://178.128.145.80:3000
2026-04-15 01:38 +00:00: 
2026-04-15 01:38 +00:00:  ✓ Starting...
2026-04-15 01:38 +00:00:  ✓ Ready in 480ms
2026-04-15 02:12 +00:00:    ▲ Next.js 15.5.15
2026-04-15 02:12 +00:00:    - Local:        http://localhost:3000
2026-04-15 02:12 +00:00:    - Network:      http://178.128.145.80:3000
2026-04-15 02:12 +00:00: 
2026-04-15 02:12 +00:00:  ✓ Starting...
2026-04-15 02:12 +00:00:    ▲ Next.js 15.5.15
2026-04-15 02:12 +00:00:  ✓ Ready in 469ms
2026-04-15 02:12 +00:00:    - Local:        http://localhost:3000
2026-04-15 02:12 +00:00:    - Network:      http://178.128.145.80:3000
2026-04-15 02:12 +00:00: 
2026-04-15 02:12 +00:00:  ✓ Starting...
2026-04-15 02:12 +00:00:  ✓ Ready in 448ms
2026-04-15 02:27 +00:00:    ▲ Next.js 15.5.15
2026-04-15 02:27 +00:00:    ▲ Next.js 15.5.15
2026-04-15 02:27 +00:00:    - Local:        http://localhost:3000
2026-04-15 02:27 +00:00:    - Network:      http://178.128.145.80:3000
2026-04-15 02:27 +00:00: 
2026-04-15 02:27 +00:00:  ✓ Starting...
2026-04-15 02:27 +00:00:    - Local:        http://localhost:3000
2026-04-15 02:27 +00:00:    - Network:      http://178.128.145.80:3000
2026-04-15 02:27 +00:00: 
2026-04-15 02:27 +00:00:  ✓ Starting...
2026-04-15 02:27 +00:00:  ✓ Ready in 546ms
2026-04-15 02:27 +00:00:  ✓ Ready in 580ms
2026-04-15 02:31 +00:00: ✅ Correo enviado: undefined
2026-04-15 02:35 +00:00:    ▲ Next.js 15.5.15
2026-04-15 02:35 +00:00:    - Local:        http://localhost:3000
2026-04-15 02:35 +00:00:    - Network:      http://178.128.145.80:3000
2026-04-15 02:35 +00:00: 
2026-04-15 02:35 +00:00:  ✓ Starting...
2026-04-15 02:35 +00:00:    ▲ Next.js 15.5.15
2026-04-15 02:35 +00:00:  ✓ Ready in 544ms
2026-04-15 02:35 +00:00:    - Local:        http://localhost:3000
2026-04-15 02:35 +00:00:    - Network:      http://178.128.145.80:3000
2026-04-15 02:35 +00:00: 
2026-04-15 02:35 +00:00:  ✓ Starting...
2026-04-15 02:35 +00:00:  ✓ Ready in 528ms
2026-04-15 16:00 +00:00:    ▲ Next.js 15.5.15
2026-04-15 16:00 +00:00:    - Local:        http://localhost:3000
2026-04-15 16:00 +00:00:    - Network:      http://178.128.145.80:3000
2026-04-15 16:00 +00:00: 
2026-04-15 16:00 +00:00:  ✓ Starting...
2026-04-15 16:00 +00:00:    ▲ Next.js 15.5.15
2026-04-15 16:00 +00:00:    - Local:        http://localhost:3000
2026-04-15 16:00 +00:00:    - Network:      http://178.128.145.80:3000
2026-04-15 16:00 +00:00: 
2026-04-15 16:00 +00:00:  ✓ Starting...
2026-04-15 16:00 +00:00:  ✓ Ready in 1100ms
2026-04-15 16:00 +00:00:  ✓ Ready in 1163ms
2026-04-15 16:02 +00:00:    ▲ Next.js 15.5.15
2026-04-15 16:02 +00:00:    - Local:        http://localhost:3000
2026-04-15 16:02 +00:00:    - Network:      http://178.128.145.80:3000
2026-04-15 16:02 +00:00: 
2026-04-15 16:02 +00:00:  ✓ Starting...
2026-04-15 16:02 +00:00:    ▲ Next.js 15.5.15
2026-04-15 16:02 +00:00:    - Local:        http://localhost:3000
2026-04-15 16:02 +00:00:    - Network:      http://178.128.145.80:3000
2026-04-15 16:02 +00:00: 
2026-04-15 16:02 +00:00:  ✓ Starting...
2026-04-15 16:02 +00:00:  ✓ Ready in 662ms
2026-04-15 16:02 +00:00:  ✓ Ready in 651ms
2026-04-15 16:18 +00:00:    ▲ Next.js 15.5.15
2026-04-15 16:18 +00:00:    - Local:        http://localhost:3000
2026-04-15 16:18 +00:00:    - Network:      http://178.128.145.80:3000
2026-04-15 16:18 +00:00: 
2026-04-15 16:18 +00:00:  ✓ Starting...
2026-04-15 16:18 +00:00:  ✓ Ready in 599ms
2026-04-15 16:18 +00:00:    ▲ Next.js 15.5.15
2026-04-15 16:18 +00:00:    - Local:        http://localhost:3000
2026-04-15 16:18 +00:00:    - Network:      http://178.128.145.80:3000
2026-04-15 16:18 +00:00: 
2026-04-15 16:18 +00:00:  ✓ Starting...
2026-04-15 16:18 +00:00:  ✓ Ready in 808ms
2026-04-15 16:41 +00:00:    ▲ Next.js 15.5.15
2026-04-15 16:41 +00:00:    - Local:        http://localhost:3000
2026-04-15 16:41 +00:00:    - Network:      http://178.128.145.80:3000
2026-04-15 16:41 +00:00: 
2026-04-15 16:41 +00:00:  ✓ Starting...
2026-04-15 16:41 +00:00:    ▲ Next.js 15.5.15
2026-04-15 16:41 +00:00:  ✓ Ready in 743ms
2026-04-15 16:41 +00:00:    - Local:        http://localhost:3000
2026-04-15 16:41 +00:00:    - Network:      http://178.128.145.80:3000
2026-04-15 16:41 +00:00: 
2026-04-15 16:41 +00:00:  ✓ Starting...
2026-04-15 16:41 +00:00:  ✓ Ready in 840ms
2026-04-15 18:29 +00:00: ✅ Correo enviado correctamente: { data: { id: '22edeaf0-eb06-4b4b-a2ce-3e11a6b70249' }, error: null }
2026-04-16 00:11 +00:00:    ▲ Next.js 15.5.15
2026-04-16 00:11 +00:00:    - Local:        http://localhost:3000
2026-04-16 00:11 +00:00:    - Network:      http://178.128.145.80:3000
2026-04-16 00:11 +00:00: 
2026-04-16 00:11 +00:00:  ✓ Starting...
2026-04-16 00:11 +00:00:  ✓ Ready in 579ms
2026-04-16 00:11 +00:00:    ▲ Next.js 15.5.15
2026-04-16 00:11 +00:00:    - Local:        http://localhost:3000
2026-04-16 00:11 +00:00:    - Network:      http://178.128.145.80:3000
2026-04-16 00:11 +00:00: 
2026-04-16 00:11 +00:00:  ✓ Starting...
2026-04-16 00:11 +00:00:  ✓ Ready in 664ms
2026-04-16 00:17 +00:00:    ▲ Next.js 15.5.15
2026-04-16 00:17 +00:00:    - Local:        http://localhost:3000
2026-04-16 00:17 +00:00:    - Network:      http://178.128.145.80:3000
2026-04-16 00:17 +00:00: 
2026-04-16 00:17 +00:00:  ✓ Starting...
2026-04-16 00:17 +00:00:    ▲ Next.js 15.5.15
2026-04-16 00:17 +00:00:  ✓ Ready in 712ms
2026-04-16 00:17 +00:00:    - Local:        http://localhost:3000
2026-04-16 00:17 +00:00:    - Network:      http://178.128.145.80:3000
2026-04-16 00:17 +00:00: 
2026-04-16 00:17 +00:00:  ✓ Starting...
2026-04-16 00:17 +00:00:  ✓ Ready in 655ms
2026-04-16 00:34 +00:00:    ▲ Next.js 15.5.15
2026-04-16 00:34 +00:00:    ▲ Next.js 15.5.15
2026-04-16 00:34 +00:00:    - Local:        http://localhost:3000
2026-04-16 00:34 +00:00:    - Network:      http://178.128.145.80:3000
2026-04-16 00:34 +00:00: 
2026-04-16 00:34 +00:00:  ✓ Starting...
2026-04-16 00:34 +00:00:    - Local:        http://localhost:3000
2026-04-16 00:34 +00:00:    - Network:      http://178.128.145.80:3000
2026-04-16 00:34 +00:00: 
2026-04-16 00:34 +00:00:  ✓ Starting...
2026-04-16 00:34 +00:00:  ✓ Ready in 657ms
2026-04-16 00:34 +00:00:  ✓ Ready in 679ms
2026-04-21 15:55 +00:00:    ▲ Next.js 15.5.15
2026-04-21 15:55 +00:00:    ▲ Next.js 15.5.15
2026-04-21 15:55 +00:00:    - Local:        http://localhost:3000
2026-04-21 15:55 +00:00:    - Network:      http://178.128.145.80:3000
2026-04-21 15:55 +00:00: 
2026-04-21 15:55 +00:00:  ✓ Starting...
2026-04-21 15:55 +00:00:    - Local:        http://localhost:3000
2026-04-21 15:55 +00:00:    - Network:      http://178.128.145.80:3000
2026-04-21 15:55 +00:00: 
2026-04-21 15:55 +00:00:  ✓ Starting...
2026-04-21 15:55 +00:00:  ✓ Ready in 808ms
2026-04-21 15:55 +00:00:  ✓ Ready in 727ms
2026-04-24 21:59 +00:00: ✅ Correo enviado: undefined
