2026-04-15 00:58 +00:00:    ▲ Next.js 15.3.5
2026-04-15 00:58 +00:00:    ▲ Next.js 15.3.5
2026-04-15 00:58 +00:00:    - Local:        http://localhost:3000
2026-04-15 00:58 +00:00:    - Network:      http://178.128.145.80:3000
2026-04-15 00:58 +00:00: 
2026-04-15 00:58 +00:00:  ✓ Starting...
2026-04-15 00:58 +00:00:    - Local:        http://localhost:3000
2026-04-15 00:58 +00:00:    - Network:      http://178.128.145.80:3000
2026-04-15 00:58 +00:00: 
2026-04-15 00:58 +00:00:  ✓ Starting...
2026-04-15 00:58 +00:00:    ▲ Next.js 15.3.5
2026-04-15 00:58 +00:00:    ▲ Next.js 15.3.5
2026-04-15 00:58 +00:00:    - Local:        http://localhost:3000
2026-04-15 00:58 +00:00:    - Network:      http://178.128.145.80:3000
2026-04-15 00:58 +00:00: 
2026-04-15 00:58 +00:00:  ✓ Starting...
2026-04-15 00:58 +00:00:    - Local:        http://localhost:3000
2026-04-15 00:58 +00:00:    - Network:      http://178.128.145.80:3000
2026-04-15 00:58 +00:00: 
2026-04-15 00:58 +00:00:  ✓ Starting...
2026-04-15 00:58 +00:00:    ▲ Next.js 15.3.5
2026-04-15 00:58 +00:00:    ▲ Next.js 15.3.5
2026-04-15 00:58 +00:00:    - Local:        http://localhost:3000
2026-04-15 00:58 +00:00:    - Network:      http://178.128.145.80:3000
2026-04-15 00:58 +00:00: 
2026-04-15 00:58 +00:00:  ✓ Starting...
2026-04-15 00:58 +00:00:    - Local:        http://localhost:3000
2026-04-15 00:58 +00:00:    - Network:      http://178.128.145.80:3000
2026-04-15 00:58 +00:00: 
2026-04-15 00:58 +00:00:  ✓ Starting...
2026-04-15 00:58 +00:00:    ▲ Next.js 15.3.5
2026-04-15 00:58 +00:00:    ▲ Next.js 15.3.5
2026-04-15 00:58 +00:00:    - Local:        http://localhost:3000
2026-04-15 00:58 +00:00:    - Network:      http://178.128.145.80:3000
2026-04-15 00:58 +00:00: 
2026-04-15 00:58 +00:00:  ✓ Starting...
2026-04-15 00:58 +00:00:    - Local:        http://localhost:3000
2026-04-15 00:58 +00:00:    - Network:      http://178.128.145.80:3000
2026-04-15 00:58 +00:00: 
2026-04-15 00:58 +00:00:  ✓ Starting...
2026-04-15 00:58 +00:00:    ▲ Next.js 15.3.5
2026-04-15 00:58 +00:00:    ▲ Next.js 15.3.5
2026-04-15 00:58 +00:00:    - Local:        http://localhost:3000
2026-04-15 00:58 +00:00:    - Network:      http://178.128.145.80:3000
2026-04-15 00:58 +00:00: 
2026-04-15 00:58 +00:00:  ✓ Starting...
2026-04-15 00:58 +00:00:    - Local:        http://localhost:3000
2026-04-15 00:58 +00:00:    - Network:      http://178.128.145.80:3000
2026-04-15 00:58 +00:00: 
2026-04-15 00:58 +00:00:  ✓ Starting...
2026-04-15 00:58 +00:00:    ▲ Next.js 15.3.5
2026-04-15 00:58 +00:00:    ▲ Next.js 15.3.5
2026-04-15 00:58 +00:00:    - Local:        http://localhost:3000
2026-04-15 00:58 +00:00:    - Network:      http://178.128.145.80:3000
2026-04-15 00:58 +00:00: 
2026-04-15 00:58 +00:00:  ✓ Starting...
2026-04-15 00:58 +00:00:    - Local:        http://localhost:3000
2026-04-15 00:58 +00:00:    - Network:      http://178.128.145.80:3000
2026-04-15 00:58 +00:00: 
2026-04-15 00:58 +00:00:  ✓ Starting...
2026-04-15 00:58 +00:00:    ▲ Next.js 15.3.5
2026-04-15 00:58 +00:00:    ▲ Next.js 15.3.5
2026-04-15 00:58 +00:00:    - Local:        http://localhost:3000
2026-04-15 00:58 +00:00:    - Network:      http://178.128.145.80:3000
2026-04-15 00:58 +00:00: 
2026-04-15 00:58 +00:00:  ✓ Starting...
2026-04-15 00:58 +00:00:    - Local:        http://localhost:3000
2026-04-15 00:58 +00:00:    - Network:      http://178.128.145.80:3000
2026-04-15 00:58 +00:00: 
2026-04-15 00:58 +00:00:  ✓ Starting...
2026-04-15 00:58 +00:00:    ▲ Next.js 15.3.5
2026-04-15 00:58 +00:00:    ▲ Next.js 15.3.5
2026-04-15 00:58 +00:00:    - Local:        http://localhost:3000
2026-04-15 00:58 +00:00:    - Network:      http://178.128.145.80:3000
2026-04-15 00:58 +00:00: 
2026-04-15 00:58 +00:00:  ✓ Starting...
2026-04-15 00:58 +00:00:    - Local:        http://localhost:3000
2026-04-15 00:58 +00:00:    - Network:      http://178.128.145.80:3000
2026-04-15 00:58 +00:00: 
2026-04-15 00:58 +00:00:  ✓ Starting...
2026-04-15 00:58 +00:00:    ▲ Next.js 15.3.5
2026-04-15 00:58 +00:00:    ▲ Next.js 15.3.5
2026-04-15 00:58 +00:00:    - Local:        http://localhost:3000
2026-04-15 00:58 +00:00:    - Network:      http://178.128.145.80:3000
2026-04-15 00:58 +00:00: 
2026-04-15 00:58 +00:00:  ✓ Starting...
2026-04-15 00:58 +00:00:    - Local:        http://localhost:3000
2026-04-15 00:58 +00:00:    - Network:      http://178.128.145.80:3000
2026-04-15 00:58 +00:00: 
2026-04-15 00:58 +00:00:  ✓ Starting...
2026-04-15 00:58 +00:00:    ▲ Next.js 15.3.5
2026-04-15 00:58 +00:00:    ▲ Next.js 15.3.5
2026-04-15 00:58 +00:00:    - Local:        http://localhost:3000
2026-04-15 00:58 +00:00:    - Network:      http://178.128.145.80:3000
2026-04-15 00:58 +00:00: 
2026-04-15 00:58 +00:00:  ✓ Starting...
2026-04-15 00:58 +00:00:    - Local:        http://localhost:3000
2026-04-15 00:58 +00:00:    - Network:      http://178.128.145.80:3000
2026-04-15 00:58 +00:00: 
2026-04-15 00:58 +00:00:  ✓ Starting...
2026-04-15 00:58 +00:00:    ▲ Next.js 15.3.5
2026-04-15 00:58 +00:00:    ▲ Next.js 15.3.5
2026-04-15 00:58 +00:00:    - Local:        http://localhost:3000
2026-04-15 00:58 +00:00:    - Network:      http://178.128.145.80:3000
2026-04-15 00:58 +00:00: 
2026-04-15 00:58 +00:00:  ✓ Starting...
2026-04-15 00:58 +00:00:    - Local:        http://localhost:3000
2026-04-15 00:58 +00:00:    - Network:      http://178.128.145.80:3000
2026-04-15 00:58 +00:00: 
2026-04-15 00:58 +00:00:  ✓ Starting...
2026-04-15 00:58 +00:00:    ▲ Next.js 15.3.5
2026-04-15 00:58 +00:00:    ▲ Next.js 15.3.5
2026-04-15 00:58 +00:00:    - Local:        http://localhost:3000
2026-04-15 00:58 +00:00:    - Network:      http://178.128.145.80:3000
2026-04-15 00:58 +00:00: 
2026-04-15 00:58 +00:00:  ✓ Starting...
2026-04-15 00:58 +00:00:    - Local:        http://localhost:3000
2026-04-15 00:58 +00:00:    - Network:      http://178.128.145.80:3000
2026-04-15 00:58 +00:00: 
2026-04-15 00:58 +00:00:  ✓ Starting...
2026-04-15 00:58 +00:00:    ▲ Next.js 15.3.5
2026-04-15 00:58 +00:00:    ▲ Next.js 15.3.5
2026-04-15 00:58 +00:00:    - Local:        http://localhost:3000
2026-04-15 00:58 +00:00:    - Network:      http://178.128.145.80:3000
2026-04-15 00:58 +00:00: 
2026-04-15 00:58 +00:00:  ✓ Starting...
2026-04-15 00:58 +00:00:    - Local:        http://localhost:3000
2026-04-15 00:58 +00:00:    - Network:      http://178.128.145.80:3000
2026-04-15 00:58 +00:00: 
2026-04-15 00:58 +00:00:  ✓ Starting...
2026-04-15 00:58 +00:00:    ▲ Next.js 15.3.5
2026-04-15 00:58 +00:00:    ▲ Next.js 15.3.5
2026-04-15 00:58 +00:00:    - Local:        http://localhost:3000
2026-04-15 00:58 +00:00:    - Network:      http://178.128.145.80:3000
2026-04-15 00:58 +00:00: 
2026-04-15 00:58 +00:00:  ✓ Starting...
2026-04-15 00:58 +00:00:    - Local:        http://localhost:3000
2026-04-15 00:58 +00:00:    - Network:      http://178.128.145.80:3000
2026-04-15 00:58 +00:00: 
2026-04-15 00:58 +00:00:  ✓ Starting...
2026-04-15 00:58 +00:00:    ▲ Next.js 15.3.5
2026-04-15 00:58 +00:00:    ▲ Next.js 15.3.5
2026-04-15 00:58 +00:00:    - Local:        http://localhost:3000
2026-04-15 00:58 +00:00:    - Network:      http://178.128.145.80:3000
2026-04-15 00:58 +00:00: 
2026-04-15 00:58 +00:00:  ✓ Starting...
2026-04-15 00:58 +00:00:    - Local:        http://localhost:3000
2026-04-15 00:58 +00:00:    - Network:      http://178.128.145.80:3000
2026-04-15 00:58 +00:00: 
2026-04-15 00:58 +00:00:  ✓ Starting...
2026-04-15 00:58 +00:00:    ▲ Next.js 15.3.5
2026-04-15 00:58 +00:00:    ▲ Next.js 15.3.5
2026-04-15 00:58 +00:00:    - Local:        http://localhost:3000
2026-04-15 00:58 +00:00:    - Network:      http://178.128.145.80:3000
2026-04-15 00:58 +00:00: 
2026-04-15 00:58 +00:00:  ✓ Starting...
2026-04-15 00:58 +00:00:    - Local:        http://localhost:3000
2026-04-15 00:58 +00:00:    - Network:      http://178.128.145.80:3000
2026-04-15 00:58 +00:00: 
2026-04-15 00:58 +00:00:  ✓ Starting...
2026-04-15 00:58 +00:00:    ▲ Next.js 15.3.5
2026-04-15 00:58 +00:00:    ▲ Next.js 15.3.5
2026-04-15 00:58 +00:00:    - Local:        http://localhost:3000
2026-04-15 00:58 +00:00:    - Network:      http://178.128.145.80:3000
2026-04-15 00:58 +00:00: 
2026-04-15 00:58 +00:00:  ✓ Starting...
2026-04-15 00:58 +00:00:    - Local:        http://localhost:3000
2026-04-15 00:58 +00:00:    - Network:      http://178.128.145.80:3000
2026-04-15 00:58 +00:00: 
2026-04-15 00:58 +00:00:  ✓ Starting...
2026-04-15 00:58 +00:00:    ▲ Next.js 15.3.5
2026-04-15 00:58 +00:00:    ▲ Next.js 15.3.5
2026-04-15 00:58 +00:00:    - Local:        http://localhost:3000
2026-04-15 00:58 +00:00:    - Network:      http://178.128.145.80:3000
2026-04-15 00:58 +00:00: 
2026-04-15 00:58 +00:00:  ✓ Starting...
2026-04-15 00:58 +00:00:    - Local:        http://localhost:3000
2026-04-15 00:58 +00:00:    - Network:      http://178.128.145.80:3000
2026-04-15 00:58 +00:00: 
2026-04-15 00:58 +00:00:  ✓ Starting...
2026-04-15 00:58 +00:00:    ▲ Next.js 15.3.5
2026-04-15 00:58 +00:00:    ▲ Next.js 15.3.5
2026-04-15 00:58 +00:00:    - Local:        http://localhost:3000
2026-04-15 00:58 +00:00:    - Network:      http://178.128.145.80:3000
2026-04-15 00:58 +00:00: 
2026-04-15 00:58 +00:00:  ✓ Starting...
2026-04-15 00:58 +00:00:    - Local:        http://localhost:3000
2026-04-15 00:58 +00:00:    - Network:      http://178.128.145.80:3000
2026-04-15 00:58 +00:00: 
2026-04-15 00:58 +00:00:  ✓ Starting...
2026-04-15 00:58 +00:00:    ▲ Next.js 15.3.5
2026-04-15 00:58 +00:00:    ▲ Next.js 15.3.5
2026-04-15 00:58 +00:00:    - Local:        http://localhost:3000
2026-04-15 00:58 +00:00:    - Network:      http://178.128.145.80:3000
2026-04-15 00:58 +00:00: 
2026-04-15 00:58 +00:00:  ✓ Starting...
2026-04-15 00:58 +00:00:    - Local:        http://localhost:3000
2026-04-15 00:58 +00:00:    - Network:      http://178.128.145.80:3000
2026-04-15 00:58 +00:00: 
2026-04-15 00:58 +00:00:  ✓ Starting...
2026-04-15 00:58 +00:00:    ▲ Next.js 15.3.5
2026-04-15 00:58 +00:00:    ▲ Next.js 15.3.5
2026-04-15 00:58 +00:00:    - Local:        http://localhost:3000
2026-04-15 00:58 +00:00:    - Network:      http://178.128.145.80:3000
2026-04-15 00:58 +00:00: 
2026-04-15 00:58 +00:00:  ✓ Starting...
2026-04-15 00:58 +00:00:    - Local:        http://localhost:3000
2026-04-15 00:58 +00:00:    - Network:      http://178.128.145.80:3000
2026-04-15 00:58 +00:00: 
2026-04-15 00:58 +00:00:  ✓ Starting...
2026-04-15 00:58 +00:00:    ▲ Next.js 15.3.5
2026-04-15 00:58 +00:00:    ▲ Next.js 15.3.5
2026-04-15 00:58 +00:00:    - Local:        http://localhost:3000
2026-04-15 00:58 +00:00:    - Network:      http://178.128.145.80:3000
2026-04-15 00:58 +00:00: 
2026-04-15 00:58 +00:00:  ✓ Starting...
2026-04-15 00:58 +00:00:    - Local:        http://localhost:3000
2026-04-15 00:58 +00:00:    - Network:      http://178.128.145.80:3000
2026-04-15 00:58 +00:00: 
2026-04-15 00:58 +00:00:  ✓ Starting...
2026-04-15 00:58 +00:00:    ▲ Next.js 15.3.5
2026-04-15 00:58 +00:00:    ▲ Next.js 15.3.5
2026-04-15 00:58 +00:00:    - Local:        http://localhost:3000
2026-04-15 00:58 +00:00:    - Network:      http://178.128.145.80:3000
2026-04-15 00:58 +00:00: 
2026-04-15 00:58 +00:00:  ✓ Starting...
2026-04-15 00:58 +00:00:    - Local:        http://localhost:3000
2026-04-15 00:58 +00:00:    - Network:      http://178.128.145.80:3000
2026-04-15 00:58 +00:00: 
2026-04-15 00:58 +00:00:  ✓ Starting...
2026-04-15 00:58 +00:00:    ▲ Next.js 15.3.5
2026-04-15 00:58 +00:00:    ▲ Next.js 15.3.5
2026-04-15 00:58 +00:00:    - Local:        http://localhost:3000
2026-04-15 00:58 +00:00:    - Network:      http://178.128.145.80:3000
2026-04-15 00:58 +00:00: 
2026-04-15 00:58 +00:00:  ✓ Starting...
2026-04-15 00:58 +00:00:    - Local:        http://localhost:3000
2026-04-15 00:58 +00:00:    - Network:      http://178.128.145.80:3000
2026-04-15 00:58 +00:00: 
2026-04-15 00:58 +00:00:  ✓ Starting...
2026-04-15 00:58 +00:00:    ▲ Next.js 15.3.5
2026-04-15 00:58 +00:00:    ▲ Next.js 15.3.5
2026-04-15 00:58 +00:00:    - Local:        http://localhost:3000
2026-04-15 00:58 +00:00:    - Network:      http://178.128.145.80:3000
2026-04-15 00:58 +00:00: 
2026-04-15 00:58 +00:00:  ✓ Starting...
2026-04-15 00:58 +00:00:    - Local:        http://localhost:3000
2026-04-15 00:58 +00:00:    - Network:      http://178.128.145.80:3000
2026-04-15 00:58 +00:00: 
2026-04-15 00:58 +00:00:  ✓ Starting...
2026-04-15 00:58 +00:00:    ▲ Next.js 15.3.5
2026-04-15 00:58 +00:00:    ▲ Next.js 15.3.5
2026-04-15 00:58 +00:00:    - Local:        http://localhost:3000
2026-04-15 00:58 +00:00:    - Network:      http://178.128.145.80:3000
2026-04-15 00:58 +00:00: 
2026-04-15 00:58 +00:00:  ✓ Starting...
2026-04-15 00:58 +00:00:    - Local:        http://localhost:3000
2026-04-15 00:58 +00:00:    - Network:      http://178.128.145.80:3000
2026-04-15 00:58 +00:00: 
2026-04-15 00:58 +00:00:  ✓ Starting...
2026-04-15 00:58 +00:00:    ▲ Next.js 15.3.5
2026-04-15 00:58 +00:00:    ▲ Next.js 15.3.5
2026-04-15 00:58 +00:00:    - Local:        http://localhost:3000
2026-04-15 00:58 +00:00:    - Network:      http://178.128.145.80:3000
2026-04-15 00:58 +00:00: 
2026-04-15 00:58 +00:00:  ✓ Starting...
2026-04-15 00:58 +00:00:    - Local:        http://localhost:3000
2026-04-15 00:58 +00:00:    - Network:      http://178.128.145.80:3000
2026-04-15 00:58 +00:00: 
2026-04-15 00:58 +00:00:  ✓ Starting...
2026-04-15 00:58 +00:00:    ▲ Next.js 15.3.5
2026-04-15 00:58 +00:00:    ▲ Next.js 15.3.5
2026-04-15 00:58 +00:00:    - Local:        http://localhost:3000
2026-04-15 00:58 +00:00:    - Network:      http://178.128.145.80:3000
2026-04-15 00:58 +00:00: 
2026-04-15 00:58 +00:00:  ✓ Starting...
2026-04-15 00:58 +00:00:    - Local:        http://localhost:3000
2026-04-15 00:58 +00:00:    - Network:      http://178.128.145.80:3000
2026-04-15 00:58 +00:00: 
2026-04-15 00:58 +00:00:  ✓ Starting...
2026-04-15 00:58 +00:00:    ▲ Next.js 15.3.5
2026-04-15 00:58 +00:00:    ▲ Next.js 15.3.5
2026-04-15 00:58 +00:00:    - Local:        http://localhost:3000
2026-04-15 00:58 +00:00:    - Network:      http://178.128.145.80:3000
2026-04-15 00:58 +00:00: 
2026-04-15 00:58 +00:00:  ✓ Starting...
2026-04-15 00:58 +00:00:    - Local:        http://localhost:3000
2026-04-15 00:58 +00:00:    - Network:      http://178.128.145.80:3000
2026-04-15 00:58 +00:00: 
2026-04-15 00:58 +00:00:  ✓ Starting...
2026-04-15 00:58 +00:00:    ▲ Next.js 15.3.5
2026-04-15 00:58 +00:00:    ▲ Next.js 15.3.5
2026-04-15 00:58 +00:00:    - Local:        http://localhost:3000
2026-04-15 00:58 +00:00:    - Network:      http://178.128.145.80:3000
2026-04-15 00:58 +00:00: 
2026-04-15 00:58 +00:00:  ✓ Starting...
2026-04-15 00:58 +00:00:    - Local:        http://localhost:3000
2026-04-15 00:58 +00:00:    - Network:      http://178.128.145.80:3000
2026-04-15 00:58 +00:00: 
2026-04-15 00:58 +00:00:  ✓ Starting...
2026-04-15 00:58 +00:00:    ▲ Next.js 15.3.5
2026-04-15 00:58 +00:00:    ▲ Next.js 15.3.5
2026-04-15 00:58 +00:00:    - Local:        http://localhost:3000
2026-04-15 00:58 +00:00:    - Network:      http://178.128.145.80:3000
2026-04-15 00:58 +00:00: 
2026-04-15 00:58 +00:00:  ✓ Starting...
2026-04-15 00:58 +00:00:    - Local:        http://localhost:3000
2026-04-15 00:58 +00:00:    - Network:      http://178.128.145.80:3000
2026-04-15 00:58 +00:00: 
2026-04-15 00:58 +00:00:  ✓ Starting...
2026-04-15 00:58 +00:00:    ▲ Next.js 15.3.5
2026-04-15 00:58 +00:00:    ▲ Next.js 15.3.5
2026-04-15 00:58 +00:00:    - Local:        http://localhost:3000
2026-04-15 00:58 +00:00:    - Network:      http://178.128.145.80:3000
2026-04-15 00:58 +00:00: 
2026-04-15 00:58 +00:00:  ✓ Starting...
2026-04-15 00:58 +00:00:    - Local:        http://localhost:3000
2026-04-15 00:58 +00:00:    - Network:      http://178.128.145.80:3000
2026-04-15 00:58 +00:00: 
2026-04-15 00:58 +00:00:  ✓ Starting...
2026-04-15 00:58 +00:00:    ▲ Next.js 15.3.5
2026-04-15 00:58 +00:00:    ▲ Next.js 15.3.5
2026-04-15 00:58 +00:00:    - Local:        http://localhost:3000
2026-04-15 00:58 +00:00:    - Network:      http://178.128.145.80:3000
2026-04-15 00:58 +00:00: 
2026-04-15 00:58 +00:00:  ✓ Starting...
2026-04-15 00:58 +00:00:    - Local:        http://localhost:3000
2026-04-15 00:58 +00:00:    - Network:      http://178.128.145.80:3000
2026-04-15 00:58 +00:00: 
2026-04-15 00:58 +00:00:  ✓ Starting...
2026-04-15 00:58 +00:00:    ▲ Next.js 15.3.5
2026-04-15 00:58 +00:00:    ▲ Next.js 15.3.5
2026-04-15 00:58 +00:00:    - Local:        http://localhost:3000
2026-04-15 00:58 +00:00:    - Network:      http://178.128.145.80:3000
2026-04-15 00:58 +00:00: 
2026-04-15 00:58 +00:00:  ✓ Starting...
2026-04-15 00:58 +00:00:    - Local:        http://localhost:3000
2026-04-15 00:58 +00:00:    - Network:      http://178.128.145.80:3000
2026-04-15 00:58 +00:00: 
2026-04-15 00:58 +00:00:  ✓ Starting...
2026-04-15 00:58 +00:00:    ▲ Next.js 15.3.5
2026-04-15 00:58 +00:00:    ▲ Next.js 15.3.5
2026-04-15 00:58 +00:00:    - Local:        http://localhost:3000
2026-04-15 00:58 +00:00:    - Network:      http://178.128.145.80:3000
2026-04-15 00:58 +00:00: 
2026-04-15 00:58 +00:00:  ✓ Starting...
2026-04-15 00:58 +00:00:    - Local:        http://localhost:3000
2026-04-15 00:58 +00:00:    - Network:      http://178.128.145.80:3000
2026-04-15 00:58 +00:00: 
2026-04-15 00:58 +00:00:  ✓ Starting...
2026-04-15 00:58 +00:00:    ▲ Next.js 15.3.5
2026-04-15 00:58 +00:00:    ▲ Next.js 15.3.5
2026-04-15 00:58 +00:00:    - Local:        http://localhost:3000
2026-04-15 00:58 +00:00:    - Network:      http://178.128.145.80:3000
2026-04-15 00:58 +00:00: 
2026-04-15 00:58 +00:00:  ✓ Starting...
2026-04-15 00:58 +00:00:    - Local:        http://localhost:3000
2026-04-15 00:58 +00:00:    - Network:      http://178.128.145.80:3000
2026-04-15 00:58 +00:00: 
2026-04-15 00:58 +00:00:  ✓ Starting...
2026-04-15 00:59 +00:00:    ▲ Next.js 15.3.5
2026-04-15 00:59 +00:00:    ▲ Next.js 15.3.5
2026-04-15 00:59 +00:00:    - Local:        http://localhost:3000
2026-04-15 00:59 +00:00:    - Network:      http://178.128.145.80:3000
2026-04-15 00:59 +00:00: 
2026-04-15 00:59 +00:00:  ✓ Starting...
2026-04-15 00:59 +00:00:    - Local:        http://localhost:3000
2026-04-15 00:59 +00:00:    - Network:      http://178.128.145.80:3000
2026-04-15 00:59 +00:00: 
2026-04-15 00:59 +00:00:  ✓ Starting...
2026-04-15 00:59 +00:00:    ▲ Next.js 15.3.5
2026-04-15 00:59 +00:00:    ▲ Next.js 15.3.5
2026-04-15 00:59 +00:00:    - Local:        http://localhost:3000
2026-04-15 00:59 +00:00:    - Network:      http://178.128.145.80:3000
2026-04-15 00:59 +00:00: 
2026-04-15 00:59 +00:00:  ✓ Starting...
2026-04-15 00:59 +00:00:    - Local:        http://localhost:3000
2026-04-15 00:59 +00:00:    - Network:      http://178.128.145.80:3000
2026-04-15 00:59 +00:00: 
2026-04-15 00:59 +00:00:  ✓ Starting...
2026-04-15 00:59 +00:00:    ▲ Next.js 15.3.5
2026-04-15 00:59 +00:00:    ▲ Next.js 15.3.5
2026-04-15 00:59 +00:00:    - Local:        http://localhost:3000
2026-04-15 00:59 +00:00:    - Network:      http://178.128.145.80:3000
2026-04-15 00:59 +00:00: 
2026-04-15 00:59 +00:00:  ✓ Starting...
2026-04-15 00:59 +00:00:    - Local:        http://localhost:3000
2026-04-15 00:59 +00:00:    - Network:      http://178.128.145.80:3000
2026-04-15 00:59 +00:00: 
2026-04-15 00:59 +00:00:  ✓ Starting...
2026-04-15 00:59 +00:00:    ▲ Next.js 15.3.5
2026-04-15 00:59 +00:00:    ▲ Next.js 15.3.5
2026-04-15 00:59 +00:00:    - Local:        http://localhost:3000
2026-04-15 00:59 +00:00:    - Network:      http://178.128.145.80:3000
2026-04-15 00:59 +00:00: 
2026-04-15 00:59 +00:00:  ✓ Starting...
2026-04-15 00:59 +00:00:    - Local:        http://localhost:3000
2026-04-15 00:59 +00:00:    - Network:      http://178.128.145.80:3000
2026-04-15 00:59 +00:00: 
2026-04-15 00:59 +00:00:  ✓ Starting...
2026-04-15 00:59 +00:00:    ▲ Next.js 15.3.5
2026-04-15 00:59 +00:00:    ▲ Next.js 15.3.5
2026-04-15 00:59 +00:00:    - Local:        http://localhost:3000
2026-04-15 00:59 +00:00:    - Network:      http://178.128.145.80:3000
2026-04-15 00:59 +00:00: 
2026-04-15 00:59 +00:00:  ✓ Starting...
2026-04-15 00:59 +00:00:    - Local:        http://localhost:3000
2026-04-15 00:59 +00:00:    - Network:      http://178.128.145.80:3000
2026-04-15 00:59 +00:00: 
2026-04-15 00:59 +00:00:  ✓ Starting...
2026-04-15 00:59 +00:00:    ▲ Next.js 15.3.5
2026-04-15 00:59 +00:00:    ▲ Next.js 15.3.5
2026-04-15 00:59 +00:00:    - Local:        http://localhost:3000
2026-04-15 00:59 +00:00:    - Network:      http://178.128.145.80:3000
2026-04-15 00:59 +00:00: 
2026-04-15 00:59 +00:00:  ✓ Starting...
2026-04-15 00:59 +00:00:    - Local:        http://localhost:3000
2026-04-15 00:59 +00:00:    - Network:      http://178.128.145.80:3000
2026-04-15 00:59 +00:00: 
2026-04-15 00:59 +00:00:  ✓ Starting...
2026-04-15 00:59 +00:00:    ▲ Next.js 15.3.5
2026-04-15 00:59 +00:00:    ▲ Next.js 15.3.5
2026-04-15 00:59 +00:00:    - Local:        http://localhost:3000
2026-04-15 00:59 +00:00:    - Network:      http://178.128.145.80:3000
2026-04-15 00:59 +00:00: 
2026-04-15 00:59 +00:00:  ✓ Starting...
2026-04-15 00:59 +00:00:    - Local:        http://localhost:3000
2026-04-15 00:59 +00:00:    - Network:      http://178.128.145.80:3000
2026-04-15 00:59 +00:00: 
2026-04-15 00:59 +00:00:  ✓ Starting...
2026-04-15 00:59 +00:00:    ▲ Next.js 15.3.5
2026-04-15 00:59 +00:00:    ▲ Next.js 15.3.5
2026-04-15 00:59 +00:00:    - Local:        http://localhost:3000
2026-04-15 00:59 +00:00:    - Network:      http://178.128.145.80:3000
2026-04-15 00:59 +00:00: 
2026-04-15 00:59 +00:00:  ✓ Starting...
2026-04-15 00:59 +00:00:    - Local:        http://localhost:3000
2026-04-15 00:59 +00:00:    - Network:      http://178.128.145.80:3000
2026-04-15 00:59 +00:00: 
2026-04-15 00:59 +00:00:  ✓ Starting...
2026-04-15 00:59 +00:00:    ▲ Next.js 15.3.5
2026-04-15 00:59 +00:00:    ▲ Next.js 15.3.5
2026-04-15 00:59 +00:00:    - Local:        http://localhost:3000
2026-04-15 00:59 +00:00:    - Network:      http://178.128.145.80:3000
2026-04-15 00:59 +00:00: 
2026-04-15 00:59 +00:00:  ✓ Starting...
2026-04-15 00:59 +00:00:    - Local:        http://localhost:3000
2026-04-15 00:59 +00:00:    - Network:      http://178.128.145.80:3000
2026-04-15 00:59 +00:00: 
2026-04-15 00:59 +00:00:  ✓ Starting...
2026-04-15 00:59 +00:00:    ▲ Next.js 15.3.5
2026-04-15 00:59 +00:00:    ▲ Next.js 15.3.5
2026-04-15 00:59 +00:00:    - Local:        http://localhost:3000
2026-04-15 00:59 +00:00:    - Network:      http://178.128.145.80:3000
2026-04-15 00:59 +00:00: 
2026-04-15 00:59 +00:00:  ✓ Starting...
2026-04-15 00:59 +00:00:    - Local:        http://localhost:3000
2026-04-15 00:59 +00:00:    - Network:      http://178.128.145.80:3000
2026-04-15 00:59 +00:00: 
2026-04-15 00:59 +00:00:  ✓ Starting...
2026-04-15 00:59 +00:00:    ▲ Next.js 15.3.5
2026-04-15 00:59 +00:00:    ▲ Next.js 15.3.5
2026-04-15 00:59 +00:00:    - Local:        http://localhost:3000
2026-04-15 00:59 +00:00:    - Network:      http://178.128.145.80:3000
2026-04-15 00:59 +00:00: 
2026-04-15 00:59 +00:00:  ✓ Starting...
2026-04-15 00:59 +00:00:    - Local:        http://localhost:3000
2026-04-15 00:59 +00:00:    - Network:      http://178.128.145.80:3000
2026-04-15 00:59 +00:00: 
2026-04-15 00:59 +00:00:  ✓ Starting...
2026-04-15 00:59 +00:00:    ▲ Next.js 15.3.5
2026-04-15 00:59 +00:00:    ▲ Next.js 15.3.5
2026-04-15 00:59 +00:00:    - Local:        http://localhost:3000
2026-04-15 00:59 +00:00:    - Network:      http://178.128.145.80:3000
2026-04-15 00:59 +00:00: 
2026-04-15 00:59 +00:00:  ✓ Starting...
2026-04-15 00:59 +00:00:    - Local:        http://localhost:3000
2026-04-15 00:59 +00:00:    - Network:      http://178.128.145.80:3000
2026-04-15 00:59 +00:00: 
2026-04-15 00:59 +00:00:  ✓ Starting...
2026-04-15 00:59 +00:00:    ▲ Next.js 15.3.5
2026-04-15 00:59 +00:00:    ▲ Next.js 15.3.5
2026-04-15 00:59 +00:00:    - Local:        http://localhost:3000
2026-04-15 00:59 +00:00:    - Network:      http://178.128.145.80:3000
2026-04-15 00:59 +00:00: 
2026-04-15 00:59 +00:00:  ✓ Starting...
2026-04-15 00:59 +00:00:    - Local:        http://localhost:3000
2026-04-15 00:59 +00:00:    - Network:      http://178.128.145.80:3000
2026-04-15 00:59 +00:00: 
2026-04-15 00:59 +00:00:  ✓ Starting...
2026-04-15 00:59 +00:00:    ▲ Next.js 15.3.5
2026-04-15 00:59 +00:00:    ▲ Next.js 15.3.5
2026-04-15 00:59 +00:00:    - Local:        http://localhost:3000
2026-04-15 00:59 +00:00:    - Network:      http://178.128.145.80:3000
2026-04-15 00:59 +00:00: 
2026-04-15 00:59 +00:00:  ✓ Starting...
2026-04-15 00:59 +00:00:    - Local:        http://localhost:3000
2026-04-15 00:59 +00:00:    - Network:      http://178.128.145.80:3000
2026-04-15 00:59 +00:00: 
2026-04-15 00:59 +00:00:  ✓ Starting...
2026-04-15 00:59 +00:00:    ▲ Next.js 15.3.5
2026-04-15 00:59 +00:00:    ▲ Next.js 15.3.5
2026-04-15 00:59 +00:00:    - Local:        http://localhost:3000
2026-04-15 00:59 +00:00:    - Network:      http://178.128.145.80:3000
2026-04-15 00:59 +00:00: 
2026-04-15 00:59 +00:00:  ✓ Starting...
2026-04-15 00:59 +00:00:    - Local:        http://localhost:3000
2026-04-15 00:59 +00:00:    - Network:      http://178.128.145.80:3000
2026-04-15 00:59 +00:00: 
2026-04-15 00:59 +00:00:  ✓ Starting...
2026-04-15 00:59 +00:00:    ▲ Next.js 15.3.5
2026-04-15 00:59 +00:00:    ▲ Next.js 15.3.5
2026-04-15 00:59 +00:00:    - Local:        http://localhost:3000
2026-04-15 00:59 +00:00:    - Network:      http://178.128.145.80:3000
2026-04-15 00:59 +00:00: 
2026-04-15 00:59 +00:00:  ✓ Starting...
2026-04-15 00:59 +00:00:    - Local:        http://localhost:3000
2026-04-15 00:59 +00:00:    - Network:      http://178.128.145.80:3000
2026-04-15 00:59 +00:00: 
2026-04-15 00:59 +00:00:  ✓ Starting...
2026-04-15 00:59 +00:00:    ▲ Next.js 15.3.5
2026-04-15 00:59 +00:00:    ▲ Next.js 15.3.5
2026-04-15 00:59 +00:00:    - Local:        http://localhost:3000
2026-04-15 00:59 +00:00:    - Network:      http://178.128.145.80:3000
2026-04-15 00:59 +00:00: 
2026-04-15 00:59 +00:00:  ✓ Starting...
2026-04-15 00:59 +00:00:    - Local:        http://localhost:3000
2026-04-15 00:59 +00:00:    - Network:      http://178.128.145.80:3000
2026-04-15 00:59 +00:00: 
2026-04-15 00:59 +00:00:  ✓ Starting...
2026-04-15 00:59 +00:00:    ▲ Next.js 15.3.5
2026-04-15 00:59 +00:00:    ▲ Next.js 15.3.5
2026-04-15 00:59 +00:00:    - Local:        http://localhost:3000
2026-04-15 00:59 +00:00:    - Network:      http://178.128.145.80:3000
2026-04-15 00:59 +00:00: 
2026-04-15 00:59 +00:00:  ✓ Starting...
2026-04-15 00:59 +00:00:    - Local:        http://localhost:3000
2026-04-15 00:59 +00:00:    - Network:      http://178.128.145.80:3000
2026-04-15 00:59 +00:00: 
2026-04-15 00:59 +00:00:  ✓ Starting...
2026-04-15 00:59 +00:00:    ▲ Next.js 15.3.5
2026-04-15 00:59 +00:00:    - Local:        http://localhost:3000
2026-04-15 00:59 +00:00:    - Network:      http://178.128.145.80:3000
2026-04-15 00:59 +00:00: 
2026-04-15 00:59 +00:00:  ✓ Starting...
2026-04-15 00:59 +00:00:    ▲ Next.js 15.3.5
2026-04-15 00:59 +00:00:    - Local:        http://localhost:3000
2026-04-15 00:59 +00:00:    - Network:      http://178.128.145.80:3000
2026-04-15 00:59 +00:00: 
2026-04-15 00:59 +00:00:  ✓ Starting...
2026-04-15 00:59 +00:00:    ▲ Next.js 15.3.5
2026-04-15 00:59 +00:00:    ▲ Next.js 15.3.5
2026-04-15 00:59 +00:00:    - Local:        http://localhost:3000
2026-04-15 00:59 +00:00:    - Network:      http://178.128.145.80:3000
2026-04-15 00:59 +00:00: 
2026-04-15 00:59 +00:00:  ✓ Starting...
2026-04-15 00:59 +00:00:    - Local:        http://localhost:3000
2026-04-15 00:59 +00:00:    - Network:      http://178.128.145.80:3000
2026-04-15 00:59 +00:00: 
2026-04-15 00:59 +00:00:  ✓ Starting...
2026-04-15 00:59 +00:00:    ▲ Next.js 15.3.5
2026-04-15 00:59 +00:00:    - Local:        http://localhost:3000
2026-04-15 00:59 +00:00:    - Network:      http://178.128.145.80:3000
2026-04-15 00:59 +00:00: 
2026-04-15 00:59 +00:00:  ✓ Starting...
2026-04-15 00:59 +00:00:    ▲ Next.js 15.3.5
2026-04-15 00:59 +00:00:    - Local:        http://localhost:3000
2026-04-15 00:59 +00:00:    - Network:      http://178.128.145.80:3000
2026-04-15 00:59 +00:00: 
2026-04-15 00:59 +00:00:  ✓ Starting...
2026-04-15 00:59 +00:00:    ▲ Next.js 15.3.5
2026-04-15 00:59 +00:00:    - Local:        http://localhost:3000
2026-04-15 00:59 +00:00:    - Network:      http://178.128.145.80:3000
2026-04-15 00:59 +00:00: 
2026-04-15 00:59 +00:00:  ✓ Starting...
2026-04-15 00:59 +00:00:    ▲ Next.js 15.3.5
2026-04-15 00:59 +00:00:    - Local:        http://localhost:3000
2026-04-15 00:59 +00:00:    - Network:      http://178.128.145.80:3000
2026-04-15 00:59 +00:00: 
2026-04-15 00:59 +00:00:  ✓ Starting...
2026-04-15 00:59 +00:00:    ▲ Next.js 15.3.5
2026-04-15 00:59 +00:00:    ▲ Next.js 15.3.5
2026-04-15 00:59 +00:00:    - Local:        http://localhost:3000
2026-04-15 00:59 +00:00:    - Network:      http://178.128.145.80:3000
2026-04-15 00:59 +00:00: 
2026-04-15 00:59 +00:00:  ✓ Starting...
2026-04-15 00:59 +00:00:    - Local:        http://localhost:3000
2026-04-15 00:59 +00:00:    - Network:      http://178.128.145.80:3000
2026-04-15 00:59 +00:00: 
2026-04-15 00:59 +00:00:  ✓ Starting...
2026-04-15 00:59 +00:00:    ▲ Next.js 15.3.5
2026-04-15 00:59 +00:00:    - Local:        http://localhost:3000
2026-04-15 00:59 +00:00:    - Network:      http://178.128.145.80:3000
2026-04-15 00:59 +00:00: 
2026-04-15 00:59 +00:00:  ✓ Starting...
2026-04-15 00:59 +00:00:    ▲ Next.js 15.3.5
2026-04-15 00:59 +00:00:    - Local:        http://localhost:3000
2026-04-15 00:59 +00:00:    - Network:      http://178.128.145.80:3000
2026-04-15 00:59 +00:00: 
2026-04-15 00:59 +00:00:  ✓ Starting...
2026-04-15 00:59 +00:00:    ▲ Next.js 15.3.5
2026-04-15 00:59 +00:00:    ▲ Next.js 15.3.5
2026-04-15 00:59 +00:00:    - Local:        http://localhost:3000
2026-04-15 00:59 +00:00:    - Network:      http://178.128.145.80:3000
2026-04-15 00:59 +00:00: 
2026-04-15 00:59 +00:00:  ✓ Starting...
2026-04-15 00:59 +00:00:    - Local:        http://localhost:3000
2026-04-15 00:59 +00:00:    - Network:      http://178.128.145.80:3000
2026-04-15 00:59 +00:00: 
2026-04-15 00:59 +00:00:  ✓ Starting...
2026-04-15 00:59 +00:00:    ▲ Next.js 15.3.5
2026-04-15 00:59 +00:00:    - Local:        http://localhost:3000
2026-04-15 00:59 +00:00:    - Network:      http://178.128.145.80:3000
2026-04-15 00:59 +00:00: 
2026-04-15 00:59 +00:00:  ✓ Starting...
2026-04-15 00:59 +00:00:    ▲ Next.js 15.3.5
2026-04-15 00:59 +00:00:    - Local:        http://localhost:3000
2026-04-15 00:59 +00:00:    - Network:      http://178.128.145.80:3000
2026-04-15 00:59 +00:00: 
2026-04-15 00:59 +00:00:  ✓ Starting...
2026-04-15 00:59 +00:00:    ▲ Next.js 15.3.5
2026-04-15 00:59 +00:00:    - Local:        http://localhost:3000
2026-04-15 00:59 +00:00:    - Network:      http://178.128.145.80:3000
2026-04-15 00:59 +00:00: 
2026-04-15 00:59 +00:00:  ✓ Starting...
2026-04-15 00:59 +00:00:    ▲ Next.js 15.3.5
2026-04-15 00:59 +00:00:    - Local:        http://localhost:3000
2026-04-15 00:59 +00:00:    - Network:      http://178.128.145.80:3000
2026-04-15 00:59 +00:00: 
2026-04-15 00:59 +00:00:  ✓ Starting...
2026-04-15 00:59 +00:00:    ▲ Next.js 15.3.5
2026-04-15 00:59 +00:00:    - Local:        http://localhost:3000
2026-04-15 00:59 +00:00:    - Network:      http://178.128.145.80:3000
2026-04-15 00:59 +00:00: 
2026-04-15 00:59 +00:00:  ✓ Starting...
2026-04-15 00:59 +00:00:    ▲ Next.js 15.3.5
2026-04-15 00:59 +00:00:    - Local:        http://localhost:3000
2026-04-15 00:59 +00:00:    - Network:      http://178.128.145.80:3000
2026-04-15 00:59 +00:00: 
2026-04-15 00:59 +00:00:  ✓ Starting...
2026-04-15 00:59 +00:00:    ▲ Next.js 15.3.5
2026-04-15 00:59 +00:00:    ▲ Next.js 15.3.5
2026-04-15 00:59 +00:00:    - Local:        http://localhost:3000
2026-04-15 00:59 +00:00:    - Network:      http://178.128.145.80:3000
2026-04-15 00:59 +00:00: 
2026-04-15 00:59 +00:00:  ✓ Starting...
2026-04-15 00:59 +00:00:    - Local:        http://localhost:3000
2026-04-15 00:59 +00:00:    - Network:      http://178.128.145.80:3000
2026-04-15 00:59 +00:00: 
2026-04-15 00:59 +00:00:  ✓ Starting...
2026-04-15 00:59 +00:00:    ▲ Next.js 15.3.5
2026-04-15 00:59 +00:00:    - Local:        http://localhost:3000
2026-04-15 00:59 +00:00:    - Network:      http://178.128.145.80:3000
2026-04-15 00:59 +00:00: 
2026-04-15 00:59 +00:00:  ✓ Starting...
2026-04-15 00:59 +00:00:    ▲ Next.js 15.3.5
2026-04-15 00:59 +00:00:    - Local:        http://localhost:3000
2026-04-15 00:59 +00:00:    - Network:      http://178.128.145.80:3000
2026-04-15 00:59 +00:00: 
2026-04-15 00:59 +00:00:  ✓ Starting...
2026-04-15 00:59 +00:00:    ▲ Next.js 15.3.5
2026-04-15 00:59 +00:00:    - Local:        http://localhost:3000
2026-04-15 00:59 +00:00:    - Network:      http://178.128.145.80:3000
2026-04-15 00:59 +00:00: 
2026-04-15 00:59 +00:00:  ✓ Starting...
2026-04-15 00:59 +00:00:    ▲ Next.js 15.3.5
2026-04-15 00:59 +00:00:    - Local:        http://localhost:3000
2026-04-15 00:59 +00:00:    - Network:      http://178.128.145.80:3000
2026-04-15 00:59 +00:00: 
2026-04-15 00:59 +00:00:  ✓ Starting...
2026-04-15 00:59 +00:00:    ▲ Next.js 15.3.5
2026-04-15 00:59 +00:00:    - Local:        http://localhost:3000
2026-04-15 00:59 +00:00:    - Network:      http://178.128.145.80:3000
2026-04-15 00:59 +00:00: 
2026-04-15 00:59 +00:00:  ✓ Starting...
2026-04-15 00:59 +00:00:    ▲ Next.js 15.3.5
2026-04-15 00:59 +00:00:    - Local:        http://localhost:3000
2026-04-15 00:59 +00:00:    - Network:      http://178.128.145.80:3000
2026-04-15 00:59 +00:00: 
2026-04-15 00:59 +00:00:  ✓ Starting...
2026-04-15 00:59 +00:00:    ▲ Next.js 15.3.5
2026-04-15 00:59 +00:00:    - Local:        http://localhost:3000
2026-04-15 00:59 +00:00:    - Network:      http://178.128.145.80:3000
2026-04-15 00:59 +00:00: 
2026-04-15 00:59 +00:00:  ✓ Starting...
2026-04-15 00:59 +00:00:    ▲ Next.js 15.3.5
2026-04-15 00:59 +00:00:    - Local:        http://localhost:3000
2026-04-15 00:59 +00:00:    - Network:      http://178.128.145.80:3000
2026-04-15 00:59 +00:00: 
2026-04-15 00:59 +00:00:  ✓ Starting...
2026-04-15 00:59 +00:00:    ▲ Next.js 15.3.5
2026-04-15 00:59 +00:00:    - Local:        http://localhost:3000
2026-04-15 00:59 +00:00:    - Network:      http://178.128.145.80:3000
2026-04-15 00:59 +00:00: 
2026-04-15 00:59 +00:00:  ✓ Starting...
2026-04-15 00:59 +00:00:    ▲ Next.js 15.3.5
2026-04-15 00:59 +00:00:    - Local:        http://localhost:3000
2026-04-15 00:59 +00:00:    - Network:      http://178.128.145.80:3000
2026-04-15 00:59 +00:00: 
2026-04-15 00:59 +00:00:  ✓ Starting...
2026-04-15 00:59 +00:00:    ▲ Next.js 15.3.5
2026-04-15 00:59 +00:00:    - Local:        http://localhost:3000
2026-04-15 00:59 +00:00:    - Network:      http://178.128.145.80:3000
2026-04-15 00:59 +00:00: 
2026-04-15 00:59 +00:00:  ✓ Starting...
2026-04-15 00:59 +00:00:    ▲ Next.js 15.3.5
2026-04-15 00:59 +00:00:    - Local:        http://localhost:3000
2026-04-15 00:59 +00:00:    - Network:      http://178.128.145.80:3000
2026-04-15 00:59 +00:00: 
2026-04-15 00:59 +00:00:  ✓ Starting...
2026-04-15 00:59 +00:00:    ▲ Next.js 15.3.5
2026-04-15 00:59 +00:00:    - Local:        http://localhost:3000
2026-04-15 00:59 +00:00:    - Network:      http://178.128.145.80:3000
2026-04-15 00:59 +00:00: 
2026-04-15 00:59 +00:00:  ✓ Starting...
2026-04-15 00:59 +00:00:    ▲ Next.js 15.3.5
2026-04-15 00:59 +00:00:    - Local:        http://localhost:3000
2026-04-15 00:59 +00:00:    - Network:      http://178.128.145.80:3000
2026-04-15 00:59 +00:00: 
2026-04-15 00:59 +00:00:  ✓ Starting...
2026-04-15 00:59 +00:00:    ▲ Next.js 15.3.5
2026-04-15 00:59 +00:00:    - Local:        http://localhost:3000
2026-04-15 00:59 +00:00:    - Network:      http://178.128.145.80:3000
2026-04-15 00:59 +00:00: 
2026-04-15 00:59 +00:00:  ✓ Starting...
2026-04-15 00:59 +00:00:    ▲ Next.js 15.3.5
2026-04-15 00:59 +00:00:    - Local:        http://localhost:3000
2026-04-15 00:59 +00:00:    - Network:      http://178.128.145.80:3000
2026-04-15 00:59 +00:00: 
2026-04-15 00:59 +00:00:  ✓ Starting...
2026-04-15 01:00 +00:00:    ▲ Next.js 15.3.5
2026-04-15 01:00 +00:00:    - Local:        http://localhost:3000
2026-04-15 01:00 +00:00:    - Network:      http://178.128.145.80:3000
2026-04-15 01:00 +00:00: 
2026-04-15 01:00 +00:00:  ✓ Starting...
2026-04-15 01:00 +00:00:    ▲ Next.js 15.3.5
2026-04-15 01:00 +00:00:    - Local:        http://localhost:3000
2026-04-15 01:00 +00:00:    - Network:      http://178.128.145.80:3000
2026-04-15 01:00 +00:00: 
2026-04-15 01:00 +00:00:  ✓ Starting...
2026-04-15 01:00 +00:00:    ▲ Next.js 15.3.5
2026-04-15 01:00 +00:00:    - Local:        http://localhost:3000
2026-04-15 01:00 +00:00:    - Network:      http://178.128.145.80:3000
2026-04-15 01:00 +00:00: 
2026-04-15 01:00 +00:00:  ✓ Starting...
2026-04-15 01:00 +00:00:    ▲ Next.js 15.3.5
2026-04-15 01:00 +00:00:    - Local:        http://localhost:3000
2026-04-15 01:00 +00:00:    - Network:      http://178.128.145.80:3000
2026-04-15 01:00 +00:00: 
2026-04-15 01:00 +00:00:  ✓ Starting...
2026-04-15 01:00 +00:00:    ▲ Next.js 15.3.5
2026-04-15 01:00 +00:00:    - Local:        http://localhost:3000
2026-04-15 01:00 +00:00:    - Network:      http://178.128.145.80:3000
2026-04-15 01:00 +00:00: 
2026-04-15 01:00 +00:00:  ✓ Starting...
2026-04-15 01:00 +00:00:    ▲ Next.js 15.3.5
2026-04-15 01:00 +00:00:    - Local:        http://localhost:3000
2026-04-15 01:00 +00:00:    - Network:      http://178.128.145.80:3000
2026-04-15 01:00 +00:00: 
2026-04-15 01:00 +00:00:  ✓ Starting...
2026-04-15 01:00 +00:00:    ▲ Next.js 15.3.5
2026-04-15 01:00 +00:00:    - Local:        http://localhost:3000
2026-04-15 01:00 +00:00:    - Network:      http://178.128.145.80:3000
2026-04-15 01:00 +00:00: 
2026-04-15 01:00 +00:00:  ✓ Starting...
2026-04-15 01:00 +00:00:    ▲ Next.js 15.3.5
2026-04-15 01:00 +00:00:    - Local:        http://localhost:3000
2026-04-15 01:00 +00:00:    - Network:      http://178.128.145.80:3000
2026-04-15 01:00 +00:00: 
2026-04-15 01:00 +00:00:  ✓ Starting...
2026-04-15 01:00 +00:00:    ▲ Next.js 15.3.5
2026-04-15 01:00 +00:00:    - Local:        http://localhost:3000
2026-04-15 01:00 +00:00:    - Network:      http://178.128.145.80:3000
2026-04-15 01:00 +00:00: 
2026-04-15 01:00 +00:00:  ✓ Starting...
2026-04-15 01:00 +00:00:    ▲ Next.js 15.3.5
2026-04-15 01:00 +00:00:    - Local:        http://localhost:3000
2026-04-15 01:00 +00:00:    - Network:      http://178.128.145.80:3000
2026-04-15 01:00 +00:00: 
2026-04-15 01:00 +00:00:  ✓ Starting...
2026-04-15 01:00 +00:00:    ▲ Next.js 15.3.5
2026-04-15 01:00 +00:00:    - Local:        http://localhost:3000
2026-04-15 01:00 +00:00:    - Network:      http://178.128.145.80:3000
2026-04-15 01:00 +00:00: 
2026-04-15 01:00 +00:00:  ✓ Starting...
2026-04-15 01:00 +00:00:    ▲ Next.js 15.3.5
2026-04-15 01:00 +00:00:    - Local:        http://localhost:3000
2026-04-15 01:00 +00:00:    - Network:      http://178.128.145.80:3000
2026-04-15 01:00 +00:00: 
2026-04-15 01:00 +00:00:  ✓ Starting...
2026-04-15 01:00 +00:00:    ▲ Next.js 15.3.5
2026-04-15 01:00 +00:00:    - Local:        http://localhost:3000
2026-04-15 01:00 +00:00:    - Network:      http://178.128.145.80:3000
2026-04-15 01:00 +00:00: 
2026-04-15 01:00 +00:00:  ✓ Starting...
2026-04-15 01:00 +00:00:    ▲ Next.js 15.3.5
2026-04-15 01:00 +00:00:    - Local:        http://localhost:3000
2026-04-15 01:00 +00:00:    - Network:      http://178.128.145.80:3000
2026-04-15 01:00 +00:00: 
2026-04-15 01:00 +00:00:  ✓ Starting...
2026-04-15 01:00 +00:00:    ▲ Next.js 15.3.5
2026-04-15 01:00 +00:00:    - Local:        http://localhost:3000
2026-04-15 01:00 +00:00:    - Network:      http://178.128.145.80:3000
2026-04-15 01:00 +00:00: 
2026-04-15 01:00 +00:00:  ✓ Starting...
2026-04-15 01:00 +00:00:    ▲ Next.js 15.3.5
2026-04-15 01:00 +00:00:    - Local:        http://localhost:3000
2026-04-15 01:00 +00:00:    - Network:      http://178.128.145.80:3000
2026-04-15 01:00 +00:00: 
2026-04-15 01:00 +00:00:  ✓ Starting...
2026-04-15 01:00 +00:00:    ▲ Next.js 15.3.5
2026-04-15 01:00 +00:00:    - Local:        http://localhost:3000
2026-04-15 01:00 +00:00:    - Network:      http://178.128.145.80:3000
2026-04-15 01:00 +00:00: 
2026-04-15 01:00 +00:00:  ✓ Starting...
2026-04-15 01:00 +00:00:    ▲ Next.js 15.3.5
2026-04-15 01:00 +00:00:    - Local:        http://localhost:3000
2026-04-15 01:00 +00:00:    - Network:      http://178.128.145.80:3000
2026-04-15 01:00 +00:00: 
2026-04-15 01:00 +00:00:  ✓ Starting...
2026-04-15 01:00 +00:00:    ▲ Next.js 15.3.5
2026-04-15 01:00 +00:00:    - Local:        http://localhost:3000
2026-04-15 01:00 +00:00:    - Network:      http://178.128.145.80:3000
2026-04-15 01:00 +00:00: 
2026-04-15 01:00 +00:00:  ✓ Starting...
2026-04-15 01:00 +00:00:    ▲ Next.js 15.3.5
2026-04-15 01:00 +00:00:    - Local:        http://localhost:3000
2026-04-15 01:00 +00:00:    - Network:      http://178.128.145.80:3000
2026-04-15 01:00 +00:00: 
2026-04-15 01:00 +00:00:  ✓ Starting...
2026-04-15 01:00 +00:00:    ▲ Next.js 15.3.5
2026-04-15 01:00 +00:00:    - Local:        http://localhost:3000
2026-04-15 01:00 +00:00:    - Network:      http://178.128.145.80:3000
2026-04-15 01:00 +00:00: 
2026-04-15 01:00 +00:00:  ✓ Starting...
2026-04-15 01:00 +00:00:    ▲ Next.js 15.3.5
2026-04-15 01:00 +00:00:    - Local:        http://localhost:3000
2026-04-15 01:00 +00:00:    - Network:      http://178.128.145.80:3000
2026-04-15 01:00 +00:00: 
2026-04-15 01:00 +00:00:  ✓ Starting...
2026-04-15 01:00 +00:00:    ▲ Next.js 15.3.5
2026-04-15 01:00 +00:00:    - Local:        http://localhost:3000
2026-04-15 01:00 +00:00:    - Network:      http://178.128.145.80:3000
2026-04-15 01:00 +00:00: 
2026-04-15 01:00 +00:00:  ✓ Starting...
2026-04-15 01:00 +00:00:    ▲ Next.js 15.3.5
2026-04-15 01:00 +00:00:    - Local:        http://localhost:3000
2026-04-15 01:00 +00:00:    - Network:      http://178.128.145.80:3000
2026-04-15 01:00 +00:00: 
2026-04-15 01:00 +00:00:  ✓ Starting...
2026-04-15 01:00 +00:00:    ▲ Next.js 15.3.5
2026-04-15 01:00 +00:00:    - Local:        http://localhost:3000
2026-04-15 01:00 +00:00:    - Network:      http://178.128.145.80:3000
2026-04-15 01:00 +00:00: 
2026-04-15 01:00 +00:00:  ✓ Starting...
2026-04-15 01:00 +00:00:    ▲ Next.js 15.3.5
2026-04-15 01:00 +00:00:    - Local:        http://localhost:3000
2026-04-15 01:00 +00:00:    - Network:      http://178.128.145.80:3000
2026-04-15 01:00 +00:00: 
2026-04-15 01:00 +00:00:  ✓ Starting...
2026-04-15 01:00 +00:00:    ▲ Next.js 15.3.5
2026-04-15 01:00 +00:00:    - Local:        http://localhost:3000
2026-04-15 01:00 +00:00:    - Network:      http://178.128.145.80:3000
2026-04-15 01:00 +00:00: 
2026-04-15 01:00 +00:00:  ✓ Starting...
2026-04-15 01:00 +00:00:    ▲ Next.js 15.3.5
2026-04-15 01:00 +00:00:    - Local:        http://localhost:3000
2026-04-15 01:00 +00:00:    - Network:      http://178.128.145.80:3000
2026-04-15 01:00 +00:00: 
2026-04-15 01:00 +00:00:  ✓ Starting...
2026-04-15 01:00 +00:00:    ▲ Next.js 15.3.5
2026-04-15 01:00 +00:00:    - Local:        http://localhost:3000
2026-04-15 01:00 +00:00:    - Network:      http://178.128.145.80:3000
2026-04-15 01:00 +00:00: 
2026-04-15 01:00 +00:00:  ✓ Starting...
2026-04-15 01:00 +00:00:    ▲ Next.js 15.3.5
2026-04-15 01:00 +00:00:    - Local:        http://localhost:3000
2026-04-15 01:00 +00:00:    - Network:      http://178.128.145.80:3000
2026-04-15 01:00 +00:00: 
2026-04-15 01:00 +00:00:  ✓ Starting...
2026-04-15 01:00 +00:00:    ▲ Next.js 15.3.5
2026-04-15 01:00 +00:00:    - Local:        http://localhost:3000
2026-04-15 01:00 +00:00:    - Network:      http://178.128.145.80:3000
2026-04-15 01:00 +00:00: 
2026-04-15 01:00 +00:00:  ✓ Starting...
2026-04-15 01:00 +00:00:    ▲ Next.js 15.3.5
2026-04-15 01:00 +00:00:    - Local:        http://localhost:3000
2026-04-15 01:00 +00:00:    - Network:      http://178.128.145.80:3000
2026-04-15 01:00 +00:00: 
2026-04-15 01:00 +00:00:  ✓ Starting...
2026-04-15 01:00 +00:00:    ▲ Next.js 15.3.5
2026-04-15 01:00 +00:00:    - Local:        http://localhost:3000
2026-04-15 01:00 +00:00:    - Network:      http://178.128.145.80:3000
2026-04-15 01:00 +00:00: 
2026-04-15 01:00 +00:00:  ✓ Starting...
2026-04-15 01:00 +00:00:    ▲ Next.js 15.3.5
2026-04-15 01:00 +00:00:    - Local:        http://localhost:3000
2026-04-15 01:00 +00:00:    - Network:      http://178.128.145.80:3000
2026-04-15 01:00 +00:00: 
2026-04-15 01:00 +00:00:  ✓ Starting...
2026-04-15 01:00 +00:00:    ▲ Next.js 15.3.5
2026-04-15 01:00 +00:00:    - Local:        http://localhost:3000
2026-04-15 01:00 +00:00:    - Network:      http://178.128.145.80:3000
2026-04-15 01:00 +00:00: 
2026-04-15 01:00 +00:00:  ✓ Starting...
2026-04-15 01:00 +00:00:    ▲ Next.js 15.3.5
2026-04-15 01:00 +00:00:    - Local:        http://localhost:3000
2026-04-15 01:00 +00:00:    - Network:      http://178.128.145.80:3000
2026-04-15 01:00 +00:00: 
2026-04-15 01:00 +00:00:  ✓ Starting...
2026-04-15 01:00 +00:00:    ▲ Next.js 15.3.5
2026-04-15 01:00 +00:00:    - Local:        http://localhost:3000
2026-04-15 01:00 +00:00:    - Network:      http://178.128.145.80:3000
2026-04-15 01:00 +00:00: 
2026-04-15 01:00 +00:00:  ✓ Starting...
2026-04-15 01:00 +00:00:    ▲ Next.js 15.3.5
2026-04-15 01:00 +00:00:    - Local:        http://localhost:3000
2026-04-15 01:00 +00:00:    - Network:      http://178.128.145.80:3000
2026-04-15 01:00 +00:00: 
2026-04-15 01:00 +00:00:  ✓ Starting...
2026-04-15 01:00 +00:00:    ▲ Next.js 15.3.5
2026-04-15 01:00 +00:00:    - Local:        http://localhost:3000
2026-04-15 01:00 +00:00:    - Network:      http://178.128.145.80:3000
2026-04-15 01:00 +00:00: 
2026-04-15 01:00 +00:00:  ✓ Starting...
2026-04-15 01:00 +00:00:    ▲ Next.js 15.3.5
2026-04-15 01:00 +00:00:    - Local:        http://localhost:3000
2026-04-15 01:00 +00:00:    - Network:      http://178.128.145.80:3000
2026-04-15 01:00 +00:00: 
2026-04-15 01:00 +00:00:  ✓ Starting...
2026-04-15 01:00 +00:00:    ▲ Next.js 15.3.5
2026-04-15 01:00 +00:00:    - Local:        http://localhost:3000
2026-04-15 01:00 +00:00:    - Network:      http://178.128.145.80:3000
2026-04-15 01:00 +00:00: 
2026-04-15 01:00 +00:00:  ✓ Starting...
2026-04-15 01:00 +00:00:    ▲ Next.js 15.3.5
2026-04-15 01:00 +00:00:    - Local:        http://localhost:3000
2026-04-15 01:00 +00:00:    - Network:      http://178.128.145.80:3000
2026-04-15 01:00 +00:00: 
2026-04-15 01:00 +00:00:  ✓ Starting...
2026-04-15 01:00 +00:00:    ▲ Next.js 15.3.5
2026-04-15 01:00 +00:00:    - Local:        http://localhost:3000
2026-04-15 01:00 +00:00:    - Network:      http://178.128.145.80:3000
2026-04-15 01:00 +00:00: 
2026-04-15 01:00 +00:00:  ✓ Starting...
2026-04-15 01:00 +00:00:    ▲ Next.js 15.3.5
2026-04-15 01:00 +00:00:    - Local:        http://localhost:3000
2026-04-15 01:00 +00:00:    - Network:      http://178.128.145.80:3000
2026-04-15 01:00 +00:00: 
2026-04-15 01:00 +00:00:  ✓ Starting...
2026-04-15 01:00 +00:00:    ▲ Next.js 15.3.5
2026-04-15 01:00 +00:00:    - Local:        http://localhost:3000
2026-04-15 01:00 +00:00:    - Network:      http://178.128.145.80:3000
2026-04-15 01:00 +00:00: 
2026-04-15 01:00 +00:00:  ✓ Starting...
2026-04-15 01:00 +00:00:    ▲ Next.js 15.3.5
2026-04-15 01:00 +00:00:    - Local:        http://localhost:3000
2026-04-15 01:00 +00:00:    - Network:      http://178.128.145.80:3000
2026-04-15 01:00 +00:00: 
2026-04-15 01:00 +00:00:  ✓ Starting...
2026-04-15 01:00 +00:00:    ▲ Next.js 15.3.5
2026-04-15 01:00 +00:00:    - Local:        http://localhost:3000
2026-04-15 01:00 +00:00:    - Network:      http://178.128.145.80:3000
2026-04-15 01:00 +00:00: 
2026-04-15 01:00 +00:00:  ✓ Starting...
2026-04-15 01:00 +00:00:    ▲ Next.js 15.3.5
2026-04-15 01:00 +00:00:    - Local:        http://localhost:3000
2026-04-15 01:00 +00:00:    - Network:      http://178.128.145.80:3000
2026-04-15 01:00 +00:00: 
2026-04-15 01:00 +00:00:  ✓ Starting...
2026-04-15 01:00 +00:00:    ▲ Next.js 15.3.5
2026-04-15 01:00 +00:00:    - Local:        http://localhost:3000
2026-04-15 01:00 +00:00:    - Network:      http://178.128.145.80:3000
2026-04-15 01:00 +00:00: 
2026-04-15 01:00 +00:00:  ✓ Starting...
2026-04-15 01:00 +00:00:    ▲ Next.js 15.3.5
2026-04-15 01:00 +00:00:    - Local:        http://localhost:3000
2026-04-15 01:00 +00:00:    - Network:      http://178.128.145.80:3000
2026-04-15 01:00 +00:00: 
2026-04-15 01:00 +00:00:  ✓ Starting...
2026-04-15 01:00 +00:00:    ▲ Next.js 15.3.5
2026-04-15 01:00 +00:00:    - Local:        http://localhost:3000
2026-04-15 01:00 +00:00:    - Network:      http://178.128.145.80:3000
2026-04-15 01:00 +00:00: 
2026-04-15 01:00 +00:00:  ✓ Starting...
2026-04-15 01:00 +00:00:    ▲ Next.js 15.3.5
2026-04-15 01:00 +00:00:    - Local:        http://localhost:3000
2026-04-15 01:00 +00:00:    - Network:      http://178.128.145.80:3000
2026-04-15 01:00 +00:00: 
2026-04-15 01:00 +00:00:  ✓ Starting...
2026-04-15 01:00 +00:00:    ▲ Next.js 15.3.5
2026-04-15 01:00 +00:00:    - Local:        http://localhost:3000
2026-04-15 01:00 +00:00:    - Network:      http://178.128.145.80:3000
2026-04-15 01:00 +00:00: 
2026-04-15 01:00 +00:00:  ✓ Starting...
2026-04-15 01:00 +00:00:    ▲ Next.js 15.3.5
2026-04-15 01:00 +00:00:    - Local:        http://localhost:3000
2026-04-15 01:00 +00:00:    - Network:      http://178.128.145.80:3000
2026-04-15 01:00 +00:00: 
2026-04-15 01:00 +00:00:  ✓ Starting...
2026-04-15 01:00 +00:00:    ▲ Next.js 15.3.5
2026-04-15 01:00 +00:00:    - Local:        http://localhost:3000
2026-04-15 01:00 +00:00:    - Network:      http://178.128.145.80:3000
2026-04-15 01:00 +00:00: 
2026-04-15 01:00 +00:00:  ✓ Starting...
2026-04-15 01:00 +00:00:    ▲ Next.js 15.3.5
2026-04-15 01:00 +00:00:    - Local:        http://localhost:3000
2026-04-15 01:00 +00:00:    - Network:      http://178.128.145.80:3000
2026-04-15 01:00 +00:00: 
2026-04-15 01:00 +00:00:  ✓ Starting...
2026-04-15 01:00 +00:00:    ▲ Next.js 15.3.5
2026-04-15 01:00 +00:00:    - Local:        http://localhost:3000
2026-04-15 01:00 +00:00:    - Network:      http://178.128.145.80:3000
2026-04-15 01:00 +00:00: 
2026-04-15 01:00 +00:00:  ✓ Starting...
2026-04-15 01:00 +00:00:    ▲ Next.js 15.3.5
2026-04-15 01:00 +00:00:    - Local:        http://localhost:3000
2026-04-15 01:00 +00:00:    - Network:      http://178.128.145.80:3000
2026-04-15 01:00 +00:00: 
2026-04-15 01:00 +00:00:  ✓ Starting...
2026-04-15 01:00 +00:00:    ▲ Next.js 15.3.5
2026-04-15 01:00 +00:00:    - Local:        http://localhost:3000
2026-04-15 01:00 +00:00:    - Network:      http://178.128.145.80:3000
2026-04-15 01:00 +00:00: 
2026-04-15 01:00 +00:00:  ✓ Starting...
2026-04-15 01:00 +00:00:    ▲ Next.js 15.3.5
2026-04-15 01:00 +00:00:    - Local:        http://localhost:3000
2026-04-15 01:00 +00:00:    - Network:      http://178.128.145.80:3000
2026-04-15 01:00 +00:00: 
2026-04-15 01:00 +00:00:  ✓ Starting...
2026-04-15 01:00 +00:00:    ▲ Next.js 15.3.5
2026-04-15 01:00 +00:00:    - Local:        http://localhost:3000
2026-04-15 01:00 +00:00:    - Network:      http://178.128.145.80:3000
2026-04-15 01:00 +00:00: 
2026-04-15 01:00 +00:00:  ✓ Starting...
2026-04-15 01:00 +00:00:    ▲ Next.js 15.3.5
2026-04-15 01:00 +00:00:    - Local:        http://localhost:3000
2026-04-15 01:00 +00:00:    - Network:      http://178.128.145.80:3000
2026-04-15 01:00 +00:00: 
2026-04-15 01:00 +00:00:  ✓ Starting...
2026-04-15 01:00 +00:00:    ▲ Next.js 15.3.5
2026-04-15 01:00 +00:00:    - Local:        http://localhost:3000
2026-04-15 01:00 +00:00:    - Network:      http://178.128.145.80:3000
2026-04-15 01:00 +00:00: 
2026-04-15 01:00 +00:00:  ✓ Starting...
2026-04-15 01:00 +00:00:    ▲ Next.js 15.3.5
2026-04-15 01:00 +00:00:    - Local:        http://localhost:3000
2026-04-15 01:00 +00:00:    - Network:      http://178.128.145.80:3000
2026-04-15 01:00 +00:00: 
2026-04-15 01:00 +00:00:  ✓ Starting...
2026-04-15 01:00 +00:00:    ▲ Next.js 15.3.5
2026-04-15 01:00 +00:00:    - Local:        http://localhost:3000
2026-04-15 01:00 +00:00:    - Network:      http://178.128.145.80:3000
2026-04-15 01:00 +00:00: 
2026-04-15 01:00 +00:00:  ✓ Starting...
2026-04-15 01:00 +00:00:    ▲ Next.js 15.3.5
2026-04-15 01:00 +00:00:    - Local:        http://localhost:3000
2026-04-15 01:00 +00:00:    - Network:      http://178.128.145.80:3000
2026-04-15 01:00 +00:00: 
2026-04-15 01:00 +00:00:  ✓ Starting...
2026-04-15 01:00 +00:00:    ▲ Next.js 15.3.5
2026-04-15 01:00 +00:00:    - Local:        http://localhost:3000
2026-04-15 01:00 +00:00:    - Network:      http://178.128.145.80:3000
2026-04-15 01:00 +00:00: 
2026-04-15 01:00 +00:00:  ✓ Starting...
2026-04-15 01:00 +00:00:    ▲ Next.js 15.3.5
2026-04-15 01:00 +00:00:    - Local:        http://localhost:3000
2026-04-15 01:00 +00:00:    - Network:      http://178.128.145.80:3000
2026-04-15 01:00 +00:00: 
2026-04-15 01:00 +00:00:  ✓ Starting...
2026-04-15 01:01 +00:00:    ▲ Next.js 15.3.5
2026-04-15 01:01 +00:00:    - Local:        http://localhost:3000
2026-04-15 01:01 +00:00:    - Network:      http://178.128.145.80:3000
2026-04-15 01:01 +00:00: 
2026-04-15 01:01 +00:00:  ✓ Starting...
2026-04-15 01:01 +00:00:    ▲ Next.js 15.3.5
2026-04-15 01:01 +00:00:    - Local:        http://localhost:3000
2026-04-15 01:01 +00:00:    - Network:      http://178.128.145.80:3000
2026-04-15 01:01 +00:00: 
2026-04-15 01:01 +00:00:  ✓ Starting...
2026-04-15 01:17 +00:00:    ▲ Next.js 15.5.15
2026-04-15 01:17 +00:00:    ▲ Next.js 15.5.15
2026-04-15 01:17 +00:00:    - Local:        http://localhost:3000
2026-04-15 01:17 +00:00:    - Network:      http://178.128.145.80:3000
2026-04-15 01:17 +00:00: 
2026-04-15 01:17 +00:00:  ✓ Starting...
2026-04-15 01:17 +00:00:    - Local:        http://localhost:3000
2026-04-15 01:17 +00:00:    - Network:      http://178.128.145.80:3000
2026-04-15 01:17 +00:00: 
2026-04-15 01:17 +00:00:  ✓ Starting...
2026-04-15 01:17 +00:00:  ✓ Ready in 467ms
2026-04-15 01:17 +00:00:  ✓ Ready in 480ms
